0 info it worked if it ends with ok
1 verbose cli [ '/Users/munong/.nvm/versions/node/v8.2.1/bin/node',
1 verbose cli   '/Users/munong/.nvm/versions/node/v8.2.1/lib/node_modules/tnpm/node_modules/_npm@3.10.10@npm/bin/npm-cli.js',
1 verbose cli   '--cache=/Users/munong/.tnpm',
1 verbose cli   '--tmp=/Users/munong/.tnpm_tmp',
1 verbose cli   '--no-proxy',
1 verbose cli   '--disturl=https://tnpm-hz.oss-cn-hangzhou.aliyuncs.com/dist/node',
1 verbose cli   '--userconfig=/Users/munong/.tnpmrc',
1 verbose cli   '--registry=http://registry.npm.alibaba-inc.com',
1 verbose cli   'run',
1 verbose cli   'dev' ]
2 info using npm@3.10.10
3 info using node@v8.2.1
4 verbose stack Error: missing script: dev
4 verbose stack     at run (/Users/munong/.nvm/versions/node/v8.2.1/lib/node_modules/tnpm/node_modules/_npm@3.10.10@npm/lib/run-script.js:151:19)
4 verbose stack     at /Users/munong/.nvm/versions/node/v8.2.1/lib/node_modules/tnpm/node_modules/_npm@3.10.10@npm/lib/run-script.js:61:5
4 verbose stack     at /Users/munong/.nvm/versions/node/v8.2.1/lib/node_modules/tnpm/node_modules/_npm@3.10.10@npm/node_modules/read-package-json/read-json.js:356:5
4 verbose stack     at checkBinReferences_ (/Users/munong/.nvm/versions/node/v8.2.1/lib/node_modules/tnpm/node_modules/_npm@3.10.10@npm/node_modules/read-package-json/read-json.js:320:45)
4 verbose stack     at final (/Users/munong/.nvm/versions/node/v8.2.1/lib/node_modules/tnpm/node_modules/_npm@3.10.10@npm/node_modules/read-package-json/read-json.js:354:3)
4 verbose stack     at then (/Users/munong/.nvm/versions/node/v8.2.1/lib/node_modules/tnpm/node_modules/_npm@3.10.10@npm/node_modules/read-package-json/read-json.js:124:5)
4 verbose stack     at ReadFileContext.<anonymous> (/Users/munong/.nvm/versions/node/v8.2.1/lib/node_modules/tnpm/node_modules/_npm@3.10.10@npm/node_modules/read-package-json/read-json.js:295:20)
4 verbose stack     at ReadFileContext.callback (/Users/munong/.nvm/versions/node/v8.2.1/lib/node_modules/tnpm/node_modules/_npm@3.10.10@npm/node_modules/graceful-fs/graceful-fs.js:78:16)
4 verbose stack     at FSReqWrap.readFileAfterOpen [as oncomplete] (fs.js:420:13)
5 verbose cwd /Users/munong/Documents/github/ant-monaco/extesions/html
6 error Darwin 16.6.0
7 error argv "/Users/munong/.nvm/versions/node/v8.2.1/bin/node" "/Users/munong/.nvm/versions/node/v8.2.1/lib/node_modules/tnpm/node_modules/_npm@3.10.10@npm/bin/npm-cli.js" "--cache=/Users/munong/.tnpm" "--tmp=/Users/munong/.tnpm_tmp" "--no-proxy" "--disturl=https://tnpm-hz.oss-cn-hangzhou.aliyuncs.com/dist/node" "--userconfig=/Users/munong/.tnpmrc" "--registry=http://registry.npm.alibaba-inc.com" "run" "dev"
8 error node v8.2.1
9 error npm  v3.10.10
10 error missing script: dev
11 error If you need help, you may report this error at:
11 error     <https://github.com/npm/npm/issues>
12 verbose exit [ 1, true ]
